<?xml version="1.0" encoding="UTF-8"?>
<!-- Generated by org.testng.reporters.JUnitReportReporter -->
<testsuite hostname="UmeshPatil-PC" failures="0" tests="3" name="Facebook.Logo" time="48.200" errors="1" timestamp="2023-05-04T12:25:29 IST" skipped="1">
  <testcase classname="Facebook.Logo" name="setup" time="47.953">
    <error message="disconnected: received Inspector.detached event
  (failed to check if window was closed: disconnected: unable to connect to renderer)
  (Session info: chrome=109.0.5414.120)
Build info: version: &#039;3.141.59&#039;, revision: &#039;e82be7d358&#039;, time: &#039;2018-11-14T08:25:48&#039;
System info: host: &#039;UMESHPATIL-PC&#039;, ip: &#039;192.168.43.231&#039;, os.name: &#039;Windows 7&#039;, os.arch: &#039;amd64&#039;, os.version: &#039;6.1&#039;, java.version: &#039;17.0.4.1&#039;
Driver info: driver.version: ChromeDriver
remote stacktrace: Backtrace:
	(No symbol) [0x013AF243]
	(No symbol) [0x01337FD1]
	(No symbol) [0x0122D04D]
	(No symbol) [0x01220A79]
	(No symbol) [0x012206F1]
	(No symbol) [0x0121FB0B]
	(No symbol) [0x0121FA5C]
	(No symbol) [0x0121E7E8]
	(No symbol) [0x0121EDC2]
	(No symbol) [0x0121DC55]
	(No symbol) [0x0122419D]
	(No symbol) [0x0121D735]
	(No symbol) [0x0121F703]
	(No symbol) [0x0121E7E8]
	(No symbol) [0x0121EDC2]
	(No symbol) [0x0121DC55]
	(No symbol) [0x01217E66]
	(No symbol) [0x0121D735]
	(No symbol) [0x0121CEE0]
	(No symbol) [0x0121CB37]
	(No symbol) [0x0122E5F3]
	(No symbol) [0x012120A7]
	(No symbol) [0x0121127B]
	(No symbol) [0x0127F1FF]
	(No symbol) [0x0127EB2A]
	(No symbol) [0x01278386]
	(No symbol) [0x0125163C]
	(No symbol) [0x0125269D]
	GetHandleVerifier [0x01649A22+2655074]
	GetHandleVerifier [0x0163CA24+2601828]
	GetHandleVerifier [0x01458C0A+619850]
	GetHandleVerifier [0x01457830+614768]
	(No symbol) [0x013405FC]
	(No symbol) [0x01345968]
	(No symbol) [0x01345A55]
	(No symbol) [0x0135051B]
	BaseThreadInitThunk [0x769B33CA+18]
	RtlInitializeExceptionChain [0x77339ED2+99]
	RtlInitializeExceptionChain [0x77339EA5+54]
" type="org.openqa.selenium.WebDriverException">
      <![CDATA[org.openqa.selenium.WebDriverException: disconnected: received Inspector.detached event
  (failed to check if window was closed: disconnected: unable to connect to renderer)
  (Session info: chrome=109.0.5414.120)
Build info: version: '3.141.59', revision: 'e82be7d358', time: '2018-11-14T08:25:48'
System info: host: 'UMESHPATIL-PC', ip: '192.168.43.231', os.name: 'Windows 7', os.arch: 'amd64', os.version: '6.1', java.version: '17.0.4.1'
Driver info: driver.version: ChromeDriver
remote stacktrace: Backtrace:
(No symbol) [0x013AF243]
(No symbol) [0x01337FD1]
(No symbol) [0x0122D04D]
(No symbol) [0x01220A79]
(No symbol) [0x012206F1]
(No symbol) [0x0121FB0B]
(No symbol) [0x0121FA5C]
(No symbol) [0x0121E7E8]
(No symbol) [0x0121EDC2]
(No symbol) [0x0121DC55]
(No symbol) [0x0122419D]
(No symbol) [0x0121D735]
(No symbol) [0x0121F703]
(No symbol) [0x0121E7E8]
(No symbol) [0x0121EDC2]
(No symbol) [0x0121DC55]
(No symbol) [0x01217E66]
(No symbol) [0x0121D735]
(No symbol) [0x0121CEE0]
(No symbol) [0x0121CB37]
(No symbol) [0x0122E5F3]
(No symbol) [0x012120A7]
(No symbol) [0x0121127B]
(No symbol) [0x0127F1FF]
(No symbol) [0x0127EB2A]
(No symbol) [0x01278386]
(No symbol) [0x0125163C]
(No symbol) [0x0125269D]
GetHandleVerifier [0x01649A22+2655074]
GetHandleVerifier [0x0163CA24+2601828]
GetHandleVerifier [0x01458C0A+619850]
GetHandleVerifier [0x01457830+614768]
(No symbol) [0x013405FC]
(No symbol) [0x01345968]
(No symbol) [0x01345A55]
(No symbol) [0x0135051B]
BaseThreadInitThunk [0x769B33CA+18]
RtlInitializeExceptionChain [0x77339ED2+99]
RtlInitializeExceptionChain [0x77339EA5+54]

at java.base/jdk.internal.reflect.NativeConstructorAccessorImpl.newInstance0(Native Method)
at java.base/jdk.internal.reflect.NativeConstructorAccessorImpl.newInstance(NativeConstructorAccessorImpl.java:77)
at java.base/jdk.internal.reflect.DelegatingConstructorAccessorImpl.newInstance(DelegatingConstructorAccessorImpl.java:45)
at java.base/java.lang.reflect.Constructor.newInstanceWithCaller(Constructor.java:499)
at java.base/java.lang.reflect.Constructor.newInstance(Constructor.java:480)
at org.openqa.selenium.remote.W3CHandshakeResponse.lambda$errorHandler$0(W3CHandshakeResponse.java:62)
at org.openqa.selenium.remote.HandshakeResponse.lambda$getResponseFunction$0(HandshakeResponse.java:30)
at org.openqa.selenium.remote.ProtocolHandshake.lambda$createSession$0(ProtocolHandshake.java:126)
at java.base/java.util.stream.ReferencePipeline$3$1.accept(ReferencePipeline.java:197)
at java.base/java.util.Spliterators$ArraySpliterator.tryAdvance(Spliterators.java:1002)
at java.base/java.util.stream.ReferencePipeline.forEachWithCancel(ReferencePipeline.java:129)
at java.base/java.util.stream.AbstractPipeline.copyIntoWithCancel(AbstractPipeline.java:527)
at java.base/java.util.stream.AbstractPipeline.copyInto(AbstractPipeline.java:513)
at java.base/java.util.stream.AbstractPipeline.wrapAndCopyInto(AbstractPipeline.java:499)
at java.base/java.util.stream.FindOps$FindOp.evaluateSequential(FindOps.java:150)
at java.base/java.util.stream.AbstractPipeline.evaluate(AbstractPipeline.java:234)
at java.base/java.util.stream.ReferencePipeline.findFirst(ReferencePipeline.java:647)
at org.openqa.selenium.remote.ProtocolHandshake.createSession(ProtocolHandshake.java:128)
at org.openqa.selenium.remote.ProtocolHandshake.createSession(ProtocolHandshake.java:74)
at org.openqa.selenium.remote.HttpCommandExecutor.execute(HttpCommandExecutor.java:136)
at org.openqa.selenium.remote.service.DriverCommandExecutor.execute(DriverCommandExecutor.java:83)
at org.openqa.selenium.remote.RemoteWebDriver.execute(RemoteWebDriver.java:552)
at org.openqa.selenium.remote.RemoteWebDriver.startSession(RemoteWebDriver.java:213)
at org.openqa.selenium.remote.RemoteWebDriver.<init>(RemoteWebDriver.java:131)
at org.openqa.selenium.chrome.ChromeDriver.<init>(ChromeDriver.java:181)
at org.openqa.selenium.chrome.ChromeDriver.<init>(ChromeDriver.java:168)
at org.openqa.selenium.chrome.ChromeDriver.<init>(ChromeDriver.java:123)
at Facebook.Logo.setup(Logo.java:24)
at java.base/jdk.internal.reflect.NativeMethodAccessorImpl.invoke0(Native Method)
at java.base/jdk.internal.reflect.NativeMethodAccessorImpl.invoke(NativeMethodAccessorImpl.java:77)
at java.base/jdk.internal.reflect.DelegatingMethodAccessorImpl.invoke(DelegatingMethodAccessorImpl.java:43)
at java.base/java.lang.reflect.Method.invoke(Method.java:568)
at org.testng.internal.MethodInvocationHelper.invokeMethod(MethodInvocationHelper.java:133)
at org.testng.internal.MethodInvocationHelper.invokeMethodConsideringTimeout(MethodInvocationHelper.java:62)
at org.testng.internal.ConfigInvoker.invokeConfigurationMethod(ConfigInvoker.java:385)
at org.testng.internal.ConfigInvoker.invokeConfigurations(ConfigInvoker.java:321)
at org.testng.internal.TestInvoker.runConfigMethods(TestInvoker.java:700)
at org.testng.internal.TestInvoker.invokeMethod(TestInvoker.java:527)
at org.testng.internal.TestInvoker.invokeTestMethod(TestInvoker.java:173)
at org.testng.internal.MethodRunner.runInSequence(MethodRunner.java:46)
at org.testng.internal.TestInvoker$MethodInvocationAgent.invoke(TestInvoker.java:824)
at org.testng.internal.TestInvoker.invokeTestMethods(TestInvoker.java:146)
at org.testng.internal.TestMethodWorker.invokeTestMethods(TestMethodWorker.java:146)
at org.testng.internal.TestMethodWorker.run(TestMethodWorker.java:128)
at java.base/java.util.ArrayList.forEach(ArrayList.java:1511)
at org.testng.TestRunner.privateRun(TestRunner.java:794)
at org.testng.TestRunner.run(TestRunner.java:596)
at org.testng.SuiteRunner.runTest(SuiteRunner.java:377)
at org.testng.SuiteRunner.runSequentially(SuiteRunner.java:371)
at org.testng.SuiteRunner.privateRun(SuiteRunner.java:332)
at org.testng.SuiteRunner.run(SuiteRunner.java:276)
at org.testng.SuiteRunnerWorker.runSuite(SuiteRunnerWorker.java:53)
at org.testng.SuiteRunnerWorker.run(SuiteRunnerWorker.java:96)
at org.testng.TestNG.runSuitesSequentially(TestNG.java:1212)
at org.testng.TestNG.runSuitesLocally(TestNG.java:1134)
at org.testng.TestNG.runSuites(TestNG.java:1063)
at org.testng.TestNG.run(TestNG.java:1031)
at org.testng.remote.AbstractRemoteTestNG.run(AbstractRemoteTestNG.java:115)
at org.testng.remote.RemoteTestNG.initAndRun(RemoteTestNG.java:251)
at org.testng.remote.RemoteTestNG.main(RemoteTestNG.java:77)
]]>
    </error>
  </testcase> <!-- setup -->
  <system-out/>
  <testcase classname="Facebook.Logo" name="verifyLogoText1" time="0.247"/>
  <system-out/>
  <testcase classname="Facebook.Logo" name="verifyLogoDisplayedTest" time="0.000">
    <skipped/>
  </testcase> <!-- verifyLogoDisplayedTest -->
  <system-out/>
</testsuite> <!-- Facebook.Logo -->
